
*** Running vivado
    with args -log top.vds -m64 -product Vivado -mode batch -messageDb vivado.pb -notrace -source top.tcl


WARNING: Default location for XILINX_HLS not found: 

****** Vivado v2024.1 (64-bit)
  **** SW Build 5076996 on Wed May 22 18:37:14 MDT 2024
  **** IP Build 5075265 on Wed May 22 21:45:21 MDT 2024
  **** SharedData Build 5076995 on Wed May 22 18:29:18 MDT 2024
  **** Start of session at: Fri Dec  6 19:25:05 2024
    ** Copyright 1986-2022 Xilinx, Inc. All Rights Reserved.
    ** Copyright 2022-2024 Advanced Micro Devices, Inc. All Rights Reserved.

source top.tcl -notrace
create_project: Time (s): cpu = 00:00:02 ; elapsed = 00:00:07 . Memory (MB): peak = 508.934 ; gain = 222.805
Command: read_checkpoint -auto_incremental -incremental C:/Users/rapto/Downloads/HWLAB_final_project-pep3/HWLAB_final_project-pep3/finalp/finalp.srcs/utils_1/imports/synth_1/top.dcp
INFO: [Vivado 12-5825] Read reference checkpoint from C:/Users/rapto/Downloads/HWLAB_final_project-pep3/HWLAB_final_project-pep3/finalp/finalp.srcs/utils_1/imports/synth_1/top.dcp for incremental synthesis
INFO: [Vivado 12-7989] Please ensure there are no constraint changes
Command: synth_design -top top -part xc7a35tcpg236-1
Starting synth_design
Attempting to get a license for feature 'Synthesis' and/or device 'xc7a35t'
INFO: [Common 17-349] Got license for feature 'Synthesis' and/or device 'xc7a35t'
INFO: [Device 21-403] Loading part xc7a35tcpg236-1
INFO: [Device 21-9227] Part: xc7a35tcpg236-1 does not have CEAM library.
INFO: [Designutils 20-5440] No compile time benefit to using incremental synthesis; A full resynthesis will be run
INFO: [Designutils 20-4379] Flow is switching to default flow due to incremental criteria not met. If you would like to alter this behaviour and have the flow terminate instead, please set the following parameter config_implementation {autoIncr.Synth.RejectBehavior Terminate}
INFO: [Synth 8-7079] Multithreading enabled for synth_design using a maximum of 2 processes.
INFO: [Synth 8-7078] Launching helper process for spawning children vivado processes
INFO: [Synth 8-7075] Helper process launched with PID 29984
---------------------------------------------------------------------------------
Starting RTL Elaboration : Time (s): cpu = 00:00:02 ; elapsed = 00:00:04 . Memory (MB): peak = 1361.910 ; gain = 449.180
---------------------------------------------------------------------------------
INFO: [Synth 8-11241] undeclared symbol 'set_single', assumed default net type 'wire' [C:/Users/rapto/Downloads/HWLAB_final_project-pep3/HWLAB_final_project-pep3/finalp/finalp.srcs/sources_1/new/text_screen_gen.v:62]
INFO: [Synth 8-11241] undeclared symbol 'ena2', assumed default net type 'wire' [C:/Users/rapto/Downloads/HWLAB_final_project-pep3/HWLAB_final_project-pep3/finalp/finalp.srcs/sources_1/new/top.v:28]
INFO: [Synth 8-11241] undeclared symbol 'w_p_tick', assumed default net type 'wire' [C:/Users/rapto/Downloads/HWLAB_final_project-pep3/HWLAB_final_project-pep3/finalp/finalp.srcs/sources_1/new/top.v:34]
WARNING: [Synth 8-8895] 'w_p_tick' is already implicitly declared on line 34 [C:/Users/rapto/Downloads/HWLAB_final_project-pep3/HWLAB_final_project-pep3/finalp/finalp.srcs/sources_1/new/top.v:39]
WARNING: [Synth 8-6901] identifier 'Tx' is used before its declaration [C:/Users/rapto/Downloads/HWLAB_final_project-pep3/HWLAB_final_project-pep3/finalp/finalp.srcs/sources_1/new/top.v:20]
INFO: [Synth 8-6157] synthesizing module 'top' [C:/Users/rapto/Downloads/HWLAB_final_project-pep3/HWLAB_final_project-pep3/finalp/finalp.srcs/sources_1/new/top.v:3]
INFO: [Synth 8-6157] synthesizing module 'baudrate_gen' [C:/Users/rapto/Downloads/HWLAB_final_project-pep3/HWLAB_final_project-pep3/finalp/finalp.srcs/sources_1/new/baudrate_gen.v:23]
INFO: [Synth 8-6155] done synthesizing module 'baudrate_gen' (0#1) [C:/Users/rapto/Downloads/HWLAB_final_project-pep3/HWLAB_final_project-pep3/finalp/finalp.srcs/sources_1/new/baudrate_gen.v:23]
INFO: [Synth 8-6157] synthesizing module 'uart_rx' [C:/Users/rapto/Downloads/HWLAB_final_project-pep3/HWLAB_final_project-pep3/finalp/finalp.srcs/sources_1/new/uart_rx.v:23]
INFO: [Synth 8-155] case statement is not full and has no default [C:/Users/rapto/Downloads/HWLAB_final_project-pep3/HWLAB_final_project-pep3/finalp/finalp.srcs/sources_1/new/uart_rx.v:45]
INFO: [Synth 8-6155] done synthesizing module 'uart_rx' (0#1) [C:/Users/rapto/Downloads/HWLAB_final_project-pep3/HWLAB_final_project-pep3/finalp/finalp.srcs/sources_1/new/uart_rx.v:23]
INFO: [Synth 8-6157] synthesizing module 'uart_tx' [C:/Users/rapto/Downloads/HWLAB_final_project-pep3/HWLAB_final_project-pep3/finalp/finalp.srcs/sources_1/new/uart_tx.v:22]
INFO: [Synth 8-155] case statement is not full and has no default [C:/Users/rapto/Downloads/HWLAB_final_project-pep3/HWLAB_final_project-pep3/finalp/finalp.srcs/sources_1/new/uart_tx.v:49]
INFO: [Synth 8-6155] done synthesizing module 'uart_tx' (0#1) [C:/Users/rapto/Downloads/HWLAB_final_project-pep3/HWLAB_final_project-pep3/finalp/finalp.srcs/sources_1/new/uart_tx.v:22]
WARNING: [Synth 8-689] width (7) of port connection 'data_transmit' does not match port width (8) of module 'uart_tx' [C:/Users/rapto/Downloads/HWLAB_final_project-pep3/HWLAB_final_project-pep3/finalp/finalp.srcs/sources_1/new/top.v:32]
WARNING: [Synth 8-689] width (7) of port connection 'data_transmit' does not match port width (8) of module 'uart_tx' [C:/Users/rapto/Downloads/HWLAB_final_project-pep3/HWLAB_final_project-pep3/finalp/finalp.srcs/sources_1/new/top.v:33]
INFO: [Synth 8-6157] synthesizing module 'singlePulser' [C:/Users/rapto/Downloads/HWLAB_final_project-pep3/HWLAB_final_project-pep3/finalp/finalp.srcs/sources_1/new/singlePulser.v:23]
INFO: [Synth 8-6155] done synthesizing module 'singlePulser' (0#1) [C:/Users/rapto/Downloads/HWLAB_final_project-pep3/HWLAB_final_project-pep3/finalp/finalp.srcs/sources_1/new/singlePulser.v:23]
INFO: [Synth 8-6157] synthesizing module 'vga_controller' [C:/Users/rapto/Downloads/HWLAB_final_project-pep3/HWLAB_final_project-pep3/finalp/finalp.srcs/sources_1/new/vga_controller.v:21]
INFO: [Synth 8-6155] done synthesizing module 'vga_controller' (0#1) [C:/Users/rapto/Downloads/HWLAB_final_project-pep3/HWLAB_final_project-pep3/finalp/finalp.srcs/sources_1/new/vga_controller.v:21]
INFO: [Synth 8-6157] synthesizing module 'text_screen_gen' [C:/Users/rapto/Downloads/HWLAB_final_project-pep3/HWLAB_final_project-pep3/finalp/finalp.srcs/sources_1/new/text_screen_gen.v:11]
INFO: [Synth 8-6157] synthesizing module 'debounce_chu' [C:/Users/rapto/Downloads/HWLAB_final_project-pep3/HWLAB_final_project-pep3/finalp/finalp.srcs/sources_1/new/debounce.v:10]
INFO: [Synth 8-226] default block is never used [C:/Users/rapto/Downloads/HWLAB_final_project-pep3/HWLAB_final_project-pep3/finalp/finalp.srcs/sources_1/new/debounce.v:51]
INFO: [Synth 8-6155] done synthesizing module 'debounce_chu' (0#1) [C:/Users/rapto/Downloads/HWLAB_final_project-pep3/HWLAB_final_project-pep3/finalp/finalp.srcs/sources_1/new/debounce.v:10]
INFO: [Synth 8-6157] synthesizing module 'ascii_rom' [C:/Users/rapto/Downloads/HWLAB_final_project-pep3/HWLAB_final_project-pep3/finalp/finalp.srcs/sources_1/new/ascii_rom.v:22]
INFO: [Synth 8-6155] done synthesizing module 'ascii_rom' (0#1) [C:/Users/rapto/Downloads/HWLAB_final_project-pep3/HWLAB_final_project-pep3/finalp/finalp.srcs/sources_1/new/ascii_rom.v:22]
INFO: [Synth 8-6157] synthesizing module 'dual_port_ram' [C:/Users/rapto/Downloads/HWLAB_final_project-pep3/HWLAB_final_project-pep3/finalp/finalp.srcs/sources_1/new/simple_dual_one_clock.v:3]
INFO: [Synth 8-6155] done synthesizing module 'dual_port_ram' (0#1) [C:/Users/rapto/Downloads/HWLAB_final_project-pep3/HWLAB_final_project-pep3/finalp/finalp.srcs/sources_1/new/simple_dual_one_clock.v:3]
INFO: [Synth 8-6155] done synthesizing module 'text_screen_gen' (0#1) [C:/Users/rapto/Downloads/HWLAB_final_project-pep3/HWLAB_final_project-pep3/finalp/finalp.srcs/sources_1/new/text_screen_gen.v:11]
WARNING: [Synth 8-689] width (8) of port connection 'sw' does not match port width (7) of module 'text_screen_gen' [C:/Users/rapto/Downloads/HWLAB_final_project-pep3/HWLAB_final_project-pep3/finalp/finalp.srcs/sources_1/new/top.v:51]
INFO: [Synth 8-6155] done synthesizing module 'top' (0#1) [C:/Users/rapto/Downloads/HWLAB_final_project-pep3/HWLAB_final_project-pep3/finalp/finalp.srcs/sources_1/new/top.v:3]
---------------------------------------------------------------------------------
Finished RTL Elaboration : Time (s): cpu = 00:00:02 ; elapsed = 00:00:05 . Memory (MB): peak = 1479.262 ; gain = 566.531
---------------------------------------------------------------------------------
---------------------------------------------------------------------------------
Start Handling Custom Attributes
---------------------------------------------------------------------------------
---------------------------------------------------------------------------------
Finished Handling Custom Attributes : Time (s): cpu = 00:00:02 ; elapsed = 00:00:05 . Memory (MB): peak = 1479.262 ; gain = 566.531
---------------------------------------------------------------------------------
---------------------------------------------------------------------------------
Finished RTL Optimization Phase 1 : Time (s): cpu = 00:00:02 ; elapsed = 00:00:05 . Memory (MB): peak = 1479.262 ; gain = 566.531
---------------------------------------------------------------------------------
Netlist sorting complete. Time (s): cpu = 00:00:00 ; elapsed = 00:00:00.016 . Memory (MB): peak = 1479.262 ; gain = 0.000
INFO: [Project 1-570] Preparing netlist for logic optimization

Processing XDC Constraints
Initializing timing engine
Parsing XDC File [C:/Users/rapto/Downloads/HWLAB_final_project-pep3/HWLAB_final_project-pep3/finalp/finalp.srcs/constrs_1/new/isad.xdc]
Finished Parsing XDC File [C:/Users/rapto/Downloads/HWLAB_final_project-pep3/HWLAB_final_project-pep3/finalp/finalp.srcs/constrs_1/new/isad.xdc]
INFO: [Project 1-236] Implementation specific constraints were found while reading constraint file [C:/Users/rapto/Downloads/HWLAB_final_project-pep3/HWLAB_final_project-pep3/finalp/finalp.srcs/constrs_1/new/isad.xdc]. These constraints will be ignored for synthesis but will be used in implementation. Impacted constraints are listed in the file [.Xil/top_propImpl.xdc].
Resolution: To avoid this warning, move constraints listed in [.Xil/top_propImpl.xdc] to another XDC file and exclude this new file from synthesis with the used_in_synthesis property (File Properties dialog in GUI) and re-run elaboration/synthesis.
Completed Processing XDC Constraints

Netlist sorting complete. Time (s): cpu = 00:00:00 ; elapsed = 00:00:00 . Memory (MB): peak = 1479.262 ; gain = 0.000
INFO: [Project 1-111] Unisim Transformation Summary:
No Unisim elements were transformed.

Constraint Validation Runtime : Time (s): cpu = 00:00:00 ; elapsed = 00:00:00.003 . Memory (MB): peak = 1479.262 ; gain = 0.000
INFO: [Designutils 20-5440] No compile time benefit to using incremental synthesis; A full resynthesis will be run
INFO: [Designutils 20-4379] Flow is switching to default flow due to incremental criteria not met. If you would like to alter this behaviour and have the flow terminate instead, please set the following parameter config_implementation {autoIncr.Synth.RejectBehavior Terminate}
---------------------------------------------------------------------------------
Finished Constraint Validation : Time (s): cpu = 00:00:04 ; elapsed = 00:00:11 . Memory (MB): peak = 1479.262 ; gain = 566.531
---------------------------------------------------------------------------------
---------------------------------------------------------------------------------
Start Loading Part and Timing Information
---------------------------------------------------------------------------------
Loading part: xc7a35tcpg236-1
---------------------------------------------------------------------------------
Finished Loading Part and Timing Information : Time (s): cpu = 00:00:04 ; elapsed = 00:00:11 . Memory (MB): peak = 1479.262 ; gain = 566.531
---------------------------------------------------------------------------------
---------------------------------------------------------------------------------
Start Applying 'set_property' XDC Constraints
---------------------------------------------------------------------------------
---------------------------------------------------------------------------------
Finished applying 'set_property' XDC Constraints : Time (s): cpu = 00:00:04 ; elapsed = 00:00:11 . Memory (MB): peak = 1479.262 ; gain = 566.531
---------------------------------------------------------------------------------
INFO: [Synth 8-802] inferred FSM for state register 'state_reg_reg' in module 'debounce_chu'
---------------------------------------------------------------------------------------------------
                   State |                     New Encoding |                Previous Encoding 
---------------------------------------------------------------------------------------------------
                    zero |                               00 |                               00
                   wait1 |                               01 |                               11
                     one |                               10 |                               10
                   wait0 |                               11 |                               01
---------------------------------------------------------------------------------------------------
INFO: [Synth 8-3354] encoded FSM with state register 'state_reg_reg' using encoding 'sequential' in module 'debounce_chu'
WARNING: [Synth 8-6430] The Block RAM "dual_port_ram:/ram_reg" may get memory collision error if read and write address collide. Use attribute (* rw_addr_collision= "yes" *) to avoid collision 
---------------------------------------------------------------------------------
Finished RTL Optimization Phase 2 : Time (s): cpu = 00:00:05 ; elapsed = 00:00:13 . Memory (MB): peak = 1479.262 ; gain = 566.531
---------------------------------------------------------------------------------
---------------------------------------------------------------------------------
Start RTL Component Statistics 
---------------------------------------------------------------------------------
Detailed RTL Component Info : 
+---Adders : 
	   2 Input   32 Bit       Adders := 1     
	   2 Input   21 Bit       Adders := 4     
	   2 Input   10 Bit       Adders := 2     
	   2 Input    8 Bit       Adders := 3     
	   2 Input    7 Bit       Adders := 2     
	   2 Input    5 Bit       Adders := 2     
	   2 Input    2 Bit       Adders := 1     
+---Registers : 
	               21 Bit    Registers := 4     
	               12 Bit    Registers := 3     
	               11 Bit    Registers := 1     
	               10 Bit    Registers := 8     
	                8 Bit    Registers := 6     
	                7 Bit    Registers := 2     
	                5 Bit    Registers := 1     
	                2 Bit    Registers := 1     
	                1 Bit    Registers := 18    
+---RAMs : 
	              28K Bit	(4096 X 7 bit)          RAMs := 1     
+---Muxes : 
	   4 Input   21 Bit        Muxes := 4     
	   5 Input   12 Bit        Muxes := 1     
	  16 Input    7 Bit        Muxes := 1     
	   2 Input    7 Bit        Muxes := 5     
	   2 Input    5 Bit        Muxes := 3     
	   4 Input    2 Bit        Muxes := 4     
	   2 Input    2 Bit        Muxes := 12    
	   4 Input    1 Bit        Muxes := 16    
	   2 Input    1 Bit        Muxes := 16    
---------------------------------------------------------------------------------
Finished RTL Component Statistics 
---------------------------------------------------------------------------------
---------------------------------------------------------------------------------
Start Part Resource Summary
---------------------------------------------------------------------------------
Part Resources:
DSPs: 90 (col length:60)
BRAMs: 100 (col length: RAMB18 60 RAMB36 30)
---------------------------------------------------------------------------------
Finished Part Resource Summary
---------------------------------------------------------------------------------
---------------------------------------------------------------------------------
Start Cross Boundary and Area Optimization
---------------------------------------------------------------------------------
WARNING: [Synth 8-7080] Parallel synthesis criteria is not met
RAM Pipeline Warning: Read Address Register Found For RAM tsg/dp_ram/ram_reg. We will not be able to pipeline it. This may degrade performance. 
RAM Pipeline Warning: Read Address Register Found For RAM tsg/dp_ram/ram_reg. We will not be able to pipeline it. This may degrade performance. 
RAM Pipeline Warning: Read Address Register Found For RAM tsg/dp_ram/ram_reg. We will not be able to pipeline it. This may degrade performance. 
WARNING: [Synth 8-6430] The Block RAM "top/tsg/dp_ram/ram_reg" may get memory collision error if read and write address collide. Use attribute (* rw_addr_collision= "yes" *) to avoid collision 
RAM Pipeline Warning: Read Address Register Found For RAM tsg/dp_ram/ram_reg. We will not be able to pipeline it. This may degrade performance. 
---------------------------------------------------------------------------------
Finished Cross Boundary and Area Optimization : Time (s): cpu = 00:00:06 ; elapsed = 00:00:17 . Memory (MB): peak = 1479.262 ; gain = 566.531
---------------------------------------------------------------------------------
---------------------------------------------------------------------------------
Start ROM, RAM, DSP, Shift Register and Retiming Reporting
---------------------------------------------------------------------------------

Block RAM: Preliminary Mapping Report (see note below)
+------------+--------------------+------------------------+---+---+------------------------+---+---+------------------+--------+--------+
|Module Name | RTL Object         | PORT A (Depth x Width) | W | R | PORT B (Depth x Width) | W | R | Ports driving FF | RAMB18 | RAMB36 | 
+------------+--------------------+------------------------+---+---+------------------------+---+---+------------------+--------+--------+
|top         | tsg/dp_ram/ram_reg | 4 K x 7(READ_FIRST)    | W |   | 4 K x 7(WRITE_FIRST)   |   | R | Port A and B     | 0      | 1      | 
+------------+--------------------+------------------------+---+---+------------------------+---+---+------------------+--------+--------+

Note: The table above is a preliminary report that shows the Block RAMs at the current stage of the synthesis flow. Some Block RAMs may be reimplemented as non Block RAM primitives later in the synthesis flow. Multiple instantiated Block RAMs are reported only once. 
---------------------------------------------------------------------------------
Finished ROM, RAM, DSP, Shift Register and Retiming Reporting
---------------------------------------------------------------------------------
---------------------------------------------------------------------------------
Start Applying XDC Timing Constraints
---------------------------------------------------------------------------------
---------------------------------------------------------------------------------
Finished Applying XDC Timing Constraints : Time (s): cpu = 00:00:08 ; elapsed = 00:00:22 . Memory (MB): peak = 1479.262 ; gain = 566.531
---------------------------------------------------------------------------------
---------------------------------------------------------------------------------
Start Timing Optimization
---------------------------------------------------------------------------------
---------------------------------------------------------------------------------
Finished Timing Optimization : Time (s): cpu = 00:00:08 ; elapsed = 00:00:22 . Memory (MB): peak = 1479.262 ; gain = 566.531
---------------------------------------------------------------------------------
---------------------------------------------------------------------------------
Start ROM, RAM, DSP, Shift Register and Retiming Reporting
---------------------------------------------------------------------------------

Block RAM: Final Mapping Report
+------------+--------------------+------------------------+---+---+------------------------+---+---+------------------+--------+--------+
|Module Name | RTL Object         | PORT A (Depth x Width) | W | R | PORT B (Depth x Width) | W | R | Ports driving FF | RAMB18 | RAMB36 | 
+------------+--------------------+------------------------+---+---+------------------------+---+---+------------------+--------+--------+
|top         | tsg/dp_ram/ram_reg | 4 K x 7(READ_FIRST)    | W |   | 4 K x 7(WRITE_FIRST)   |   | R | Port A and B     | 0      | 1      | 
+------------+--------------------+------------------------+---+---+------------------------+---+---+------------------+--------+--------+

---------------------------------------------------------------------------------
Finished ROM, RAM, DSP, Shift Register and Retiming Reporting
---------------------------------------------------------------------------------
---------------------------------------------------------------------------------
Start Technology Mapping
---------------------------------------------------------------------------------
---------------------------------------------------------------------------------
Finished Technology Mapping : Time (s): cpu = 00:00:08 ; elapsed = 00:00:22 . Memory (MB): peak = 1488.852 ; gain = 576.121
---------------------------------------------------------------------------------
---------------------------------------------------------------------------------
Start IO Insertion
---------------------------------------------------------------------------------
---------------------------------------------------------------------------------
Start Flattening Before IO Insertion
---------------------------------------------------------------------------------
---------------------------------------------------------------------------------
Finished Flattening Before IO Insertion
---------------------------------------------------------------------------------
---------------------------------------------------------------------------------
Start Final Netlist Cleanup
---------------------------------------------------------------------------------
---------------------------------------------------------------------------------
Finished Final Netlist Cleanup
---------------------------------------------------------------------------------
---------------------------------------------------------------------------------
Finished IO Insertion : Time (s): cpu = 00:00:10 ; elapsed = 00:00:25 . Memory (MB): peak = 1497.832 ; gain = 585.102
---------------------------------------------------------------------------------
---------------------------------------------------------------------------------
Start Renaming Generated Instances
---------------------------------------------------------------------------------
---------------------------------------------------------------------------------
Finished Renaming Generated Instances : Time (s): cpu = 00:00:10 ; elapsed = 00:00:25 . Memory (MB): peak = 1497.832 ; gain = 585.102
---------------------------------------------------------------------------------
---------------------------------------------------------------------------------
Start Rebuilding User Hierarchy
---------------------------------------------------------------------------------
---------------------------------------------------------------------------------
Finished Rebuilding User Hierarchy : Time (s): cpu = 00:00:10 ; elapsed = 00:00:25 . Memory (MB): peak = 1497.832 ; gain = 585.102
---------------------------------------------------------------------------------
---------------------------------------------------------------------------------
Start Renaming Generated Ports
---------------------------------------------------------------------------------
---------------------------------------------------------------------------------
Finished Renaming Generated Ports : Time (s): cpu = 00:00:10 ; elapsed = 00:00:25 . Memory (MB): peak = 1497.832 ; gain = 585.102
---------------------------------------------------------------------------------
---------------------------------------------------------------------------------
Start Handling Custom Attributes
---------------------------------------------------------------------------------
---------------------------------------------------------------------------------
Finished Handling Custom Attributes : Time (s): cpu = 00:00:10 ; elapsed = 00:00:25 . Memory (MB): peak = 1497.844 ; gain = 585.113
---------------------------------------------------------------------------------
---------------------------------------------------------------------------------
Start Renaming Generated Nets
---------------------------------------------------------------------------------
---------------------------------------------------------------------------------
Finished Renaming Generated Nets : Time (s): cpu = 00:00:10 ; elapsed = 00:00:25 . Memory (MB): peak = 1497.844 ; gain = 585.113
---------------------------------------------------------------------------------
---------------------------------------------------------------------------------
Start Writing Synthesis Report
---------------------------------------------------------------------------------

Report BlackBoxes: 
+-+--------------+----------+
| |BlackBox name |Instances |
+-+--------------+----------+
+-+--------------+----------+

Report Cell Usage: 
+------+---------+------+
|      |Cell     |Count |
+------+---------+------+
|1     |BUFG     |     2|
|2     |CARRY4   |    36|
|3     |LUT1     |    89|
|4     |LUT2     |    78|
|5     |LUT3     |    48|
|6     |LUT4     |   144|
|7     |LUT5     |    71|
|8     |LUT6     |   260|
|9     |MUXF7    |     1|
|10    |RAMB36E1 |     1|
|11    |FDCE     |   178|
|12    |FDRE     |   103|
|13    |IBUF     |    16|
|14    |OBUF     |    16|
+------+---------+------+
---------------------------------------------------------------------------------
Finished Writing Synthesis Report : Time (s): cpu = 00:00:10 ; elapsed = 00:00:25 . Memory (MB): peak = 1497.844 ; gain = 585.113
---------------------------------------------------------------------------------
Synthesis finished with 0 errors, 0 critical warnings and 3 warnings.
Synthesis Optimization Runtime : Time (s): cpu = 00:00:07 ; elapsed = 00:00:24 . Memory (MB): peak = 1497.844 ; gain = 585.113
Synthesis Optimization Complete : Time (s): cpu = 00:00:10 ; elapsed = 00:00:26 . Memory (MB): peak = 1497.844 ; gain = 585.113
INFO: [Project 1-571] Translating synthesized netlist
Netlist sorting complete. Time (s): cpu = 00:00:00 ; elapsed = 00:00:00.008 . Memory (MB): peak = 1497.844 ; gain = 0.000
INFO: [Netlist 29-17] Analyzing 38 Unisim elements for replacement
INFO: [Netlist 29-28] Unisim Transformation completed in 0 CPU seconds
INFO: [Project 1-570] Preparing netlist for logic optimization
INFO: [Opt 31-138] Pushed 0 inverter(s) to 0 load pin(s).
Netlist sorting complete. Time (s): cpu = 00:00:00 ; elapsed = 00:00:00 . Memory (MB): peak = 1497.844 ; gain = 0.000
INFO: [Project 1-111] Unisim Transformation Summary:
No Unisim elements were transformed.

Synth Design complete | Checksum: d17ac7d0
INFO: [Common 17-83] Releasing license: Synthesis
50 Infos, 8 Warnings, 0 Critical Warnings and 0 Errors encountered.
synth_design completed successfully
synth_design: Time (s): cpu = 00:00:11 ; elapsed = 00:00:30 . Memory (MB): peak = 1497.844 ; gain = 983.531
Write ShapeDB Complete: Time (s): cpu = 00:00:00 ; elapsed = 00:00:00.002 . Memory (MB): peak = 1497.844 ; gain = 0.000
INFO: [Common 17-1381] The checkpoint 'C:/Users/rapto/Downloads/HWLAB_final_project-pep3/HWLAB_final_project-pep3/finalp/finalp.runs/synth_1/top.dcp' has been generated.
INFO: [Vivado 12-24828] Executing command : report_utilization -file top_utilization_synth.rpt -pb top_utilization_synth.pb
INFO: [Common 17-206] Exiting Vivado at Fri Dec  6 19:25:45 2024...
