Copyright 1986-2022 Xilinx, Inc. All Rights Reserved. Copyright 2022-2024 Advanced Micro Devices, Inc. All Rights Reserved.
---------------------------------------------------------------------------------------------------------------------------------------------
| Tool Version : Vivado v.2024.1 (win64) Build 5076996 Wed May 22 18:37:14 MDT 2024
| Date         : Fri Dec  6 17:32:57 2024
| Host         : JJnvn running 64-bit major release  (build 9200)
| Command      : report_control_sets -verbose -file top_control_sets_placed.rpt
| Design       : top
| Device       : xc7a35t
---------------------------------------------------------------------------------------------------------------------------------------------

Control Set Information

Table of Contents
-----------------
1. Summary
2. Histogram
3. Flip-Flop Distribution
4. Detailed Control Set Information

1. Summary
----------

+----------------------------------------------------------+-------+
|                          Status                          | Count |
+----------------------------------------------------------+-------+
| Total control sets                                       |    26 |
|    Minimum number of control sets                        |    26 |
|    Addition due to synthesis replication                 |     0 |
|    Addition due to physical synthesis replication        |     0 |
| Unused register locations in slices containing registers |   108 |
+----------------------------------------------------------+-------+
* Control sets can be merged at opt_design using control_set_merge or merge_equivalent_drivers
** Run report_qor_suggestions for automated merging and remapping suggestions


2. Histogram
------------

+--------------------+-------+
|       Fanout       | Count |
+--------------------+-------+
| Total control sets |    26 |
| >= 0 to < 4        |    10 |
| >= 4 to < 6        |     3 |
| >= 6 to < 8        |     3 |
| >= 8 to < 10       |     2 |
| >= 10 to < 12      |     2 |
| >= 12 to < 14      |     0 |
| >= 14 to < 16      |     0 |
| >= 16              |     6 |
+--------------------+-------+
* Control sets can be remapped at either synth_design or opt_design


3. Flip-Flop Distribution
-------------------------

+--------------+-----------------------+------------------------+-----------------+--------------+
| Clock Enable | Synchronous Set/Reset | Asynchronous Set/Reset | Total Registers | Total Slices |
+--------------+-----------------------+------------------------+-----------------+--------------+
| No           | No                    | No                     |               8 |            4 |
| No           | No                    | Yes                    |              72 |           18 |
| No           | Yes                   | No                     |              48 |           12 |
| Yes          | No                    | No                     |              25 |           12 |
| Yes          | No                    | Yes                    |             106 |           27 |
| Yes          | Yes                   | No                     |               1 |            1 |
+--------------+-----------------------+------------------------+-----------------+--------------+


4. Detailed Control Set Information
-----------------------------------

+----------------+------------------------------+----------------------------------+------------------+----------------+--------------+
|  Clock Signal  |         Enable Signal        |         Set/Reset Signal         | Slice Load Count | Bel Load Count | Bels / Slice |
+----------------+------------------------------+----------------------------------+------------------+----------------+--------------+
|  baud_BUFG     | uart_rx_inst/data_out[1]     |                                  |                1 |              1 |         1.00 |
|  baud_BUFG     | uart_rx_inst/data_out[6]     |                                  |                1 |              1 |         1.00 |
|  baud_BUFG     | uart_rx_inst/data_out[3]     |                                  |                1 |              1 |         1.00 |
|  baud_BUFG     | uart_rx_inst/data_out[2]     |                                  |                1 |              1 |         1.00 |
|  baud_BUFG     | uart_rx_inst/data_out[5]     |                                  |                1 |              1 |         1.00 |
|  baud_BUFG     | uart_rx_inst/data_out[0]     |                                  |                1 |              1 |         1.00 |
|  baud_BUFG     | uart_rx_inst/data_out[4]     |                                  |                1 |              1 |         1.00 |
|  baud_BUFG     | uart_tx_inst/bit_out_i_2_n_0 | uart_tx_inst/bit_out0            |                1 |              1 |         1.00 |
|  clk_IBUF_BUFG |                              |                                  |                1 |              1 |         1.00 |
|  vga/CLK       |                              |                                  |                1 |              2 |         2.00 |
|  clk_IBUF_BUFG | vga/CLK                      |                                  |                2 |              4 |         2.00 |
|  baud_BUFG     |                              |                                  |                2 |              5 |         2.50 |
|  clk_IBUF_BUFG | tsg/db_down/E[0]             | reset_IBUF                       |                1 |              5 |         5.00 |
|  baud_BUFG     | uart_rx_inst/E[0]            |                                  |                1 |              7 |         7.00 |
|  baud_BUFG     | uart_tx_inst/temp[6]_i_1_n_0 |                                  |                2 |              7 |         3.50 |
|  clk_IBUF_BUFG | tsg/db_left/E[0]             | reset_IBUF                       |                2 |              7 |         3.50 |
|  baud_BUFG     |                              | uart_rx_inst/count[7]_i_1_n_0    |                2 |              8 |         4.00 |
|  baud_BUFG     |                              | uart_tx_inst/count[7]_i_1__0_n_0 |                2 |              8 |         4.00 |
|  vga/CLK       |                              | reset_IBUF                       |                2 |             10 |         5.00 |
|  vga/CLK       | vga/v_count_next_1           | reset_IBUF                       |                3 |             10 |         3.33 |
|  clk_IBUF_BUFG | tsg/db_up/q_next             | reset_IBUF                       |                6 |             21 |         3.50 |
|  clk_IBUF_BUFG | tsg/db_down/q_next           | reset_IBUF                       |                5 |             21 |         4.20 |
|  clk_IBUF_BUFG | tsg/db_left/q_next_0         | reset_IBUF                       |                5 |             21 |         4.20 |
|  clk_IBUF_BUFG | tsg/db_right/q_next          | reset_IBUF                       |                5 |             21 |         4.20 |
|  clk_IBUF_BUFG |                              | baudrate_gen_inst/clear          |                8 |             32 |         4.00 |
|  clk_IBUF_BUFG |                              | reset_IBUF                       |               16 |             62 |         3.88 |
+----------------+------------------------------+----------------------------------+------------------+----------------+--------------+


